<?xml version="1.0" encoding="UTF-8"?>
<testng-results skipped="0" failed="0" ignored="0" total="0" passed="0">
  <reporter-output>
  </reporter-output>
  <suite name="Selenium.Framework1.AppTest" duration-ms="11" started-at="2017-04-08T05:44:50Z" finished-at="2017-04-08T05:44:50Z">
    <groups>
    </groups>
    <test name="Command line test" duration-ms="11" started-at="2017-04-08T05:44:50Z" finished-at="2017-04-08T05:44:50Z">
    </test> <!-- Command line test -->
  </suite> <!-- Selenium.Framework1.AppTest -->
</testng-results>
